<?xml version="1.0" encoding="UTF-8"?>
<!-- Generated by org.testng.reporters.JUnitXMLReporter -->
<testsuite hostname="Honey-PC" name="Test" tests="5" failures="0" timestamp="11 Apr 2020 09:08:58 GMT" time="3.38" errors="0">
  <testcase name="testcase1" time="3.174" classname="org.testing.TestScripts.TC1"/>
  <testcase name="testcase2" time="0.05" classname="org.testing.TestScripts.TC2"/>
  <testcase name="testcase3" time="0.034" classname="org.testing.TestScripts.TC3"/>
  <testcase name="testcase4" time="0.045" classname="org.testing.TestScripts.TC4"/>
  <testcase name="testcase5" time="0.032" classname="org.testing.TestScripts.TC5"/>
</testsuite> <!-- Test -->
